Traceback (most recent call last):
  File "/home/student/Desktop/tema1-public/checker/checker.py", line 77, in <module>
    main()
  File "/home/student/Desktop/tema1-public/checker/checker.py", line 69, in main
    assert(args.passive ^ args.active)
AssertionError
